0 info it worked if it ends with ok
1 verbose cli [ '/usr/local/bin/node',
1 verbose cli   '/usr/local/bin/npm',
1 verbose cli   'i',
1 verbose cli   'hexo-generator-json-content',
1 verbose cli   '--save' ]
2 info using npm@2.15.8
3 info using node@v4.4.7
4 verbose install initial load of /Users/hawk/Documents/Space/Github/package.json
5 verbose installManyTop reading scoped package data from /Users/hawk/Documents/Space/Github/node_modules/hexo/package.json
6 verbose installManyTop reading scoped package data from /Users/hawk/Documents/Space/Github/node_modules/hexo-deployer-git/package.json
7 verbose installManyTop reading scoped package data from /Users/hawk/Documents/Space/Github/node_modules/hexo-generator-archive/package.json
8 verbose installManyTop reading scoped package data from /Users/hawk/Documents/Space/Github/node_modules/hexo-generator-category/package.json
9 verbose installManyTop reading scoped package data from /Users/hawk/Documents/Space/Github/node_modules/hexo-generator-index/package.json
10 verbose installManyTop reading scoped package data from /Users/hawk/Documents/Space/Github/node_modules/hexo-generator-tag/package.json
11 verbose installManyTop reading scoped package data from /Users/hawk/Documents/Space/Github/node_modules/hexo-renderer-ejs/package.json
12 verbose installManyTop reading scoped package data from /Users/hawk/Documents/Space/Github/node_modules/hexo-renderer-jade/package.json
13 verbose installManyTop reading scoped package data from /Users/hawk/Documents/Space/Github/node_modules/hexo-renderer-marked/package.json
14 verbose installManyTop reading scoped package data from /Users/hawk/Documents/Space/Github/node_modules/hexo-renderer-sass/package.json
15 verbose installManyTop reading scoped package data from /Users/hawk/Documents/Space/Github/node_modules/hexo-renderer-stylus/package.json
16 verbose installManyTop reading scoped package data from /Users/hawk/Documents/Space/Github/node_modules/hexo-server/package.json
17 info package.json hexo-renderer-sass@0.2.0 license should be a valid SPDX license expression
18 verbose readDependencies loading dependencies from /Users/hawk/Documents/Space/Github/package.json
19 silly cache add args [ 'hexo-generator-json-content', null ]
20 verbose cache add spec hexo-generator-json-content
21 silly cache add parsed spec Result {
21 silly cache add   raw: 'hexo-generator-json-content',
21 silly cache add   scope: null,
21 silly cache add   name: 'hexo-generator-json-content',
21 silly cache add   rawSpec: '',
21 silly cache add   spec: 'latest',
21 silly cache add   type: 'tag' }
22 silly addNamed hexo-generator-json-content@latest
23 verbose addNamed "latest" is being treated as a dist-tag for hexo-generator-json-content
24 info addNameTag [ 'hexo-generator-json-content', 'latest' ]
25 silly mapToRegistry name hexo-generator-json-content
26 silly mapToRegistry using default registry
27 silly mapToRegistry registry https://registry.npmjs.org/
28 silly mapToRegistry data Result {
28 silly mapToRegistry   raw: 'hexo-generator-json-content',
28 silly mapToRegistry   scope: null,
28 silly mapToRegistry   name: 'hexo-generator-json-content',
28 silly mapToRegistry   rawSpec: '',
28 silly mapToRegistry   spec: 'latest',
28 silly mapToRegistry   type: 'tag' }
29 silly mapToRegistry uri https://registry.npmjs.org/hexo-generator-json-content
30 verbose addNameTag registry:https://registry.npmjs.org/hexo-generator-json-content not in flight; fetching
31 verbose request uri https://registry.npmjs.org/hexo-generator-json-content
32 verbose request no auth needed
33 info attempt registry request try #1 at 19:06:40
34 verbose request id 5a396bd81f23045d
35 http request GET https://registry.npmjs.org/hexo-generator-json-content
36 info retry will retry, error on last attempt: Error: connect ETIMEDOUT 151.101.72.162:443
37 info attempt registry request try #2 at 19:08:05
38 http request GET https://registry.npmjs.org/hexo-generator-json-content
39 info retry will retry, error on last attempt: Error: connect ETIMEDOUT 151.101.72.162:443
40 info attempt registry request try #3 at 19:10:20
41 http request GET https://registry.npmjs.org/hexo-generator-json-content
42 verbose stack Error: connect ETIMEDOUT 151.101.72.162:443
42 verbose stack     at Object.exports._errnoException (util.js:873:11)
42 verbose stack     at exports._exceptionWithHostPort (util.js:896:20)
42 verbose stack     at TCPConnectWrap.afterConnect [as oncomplete] (net.js:1077:14)
43 verbose cwd /Users/hawk/Documents/Space/Github
44 error Darwin 15.6.0
45 error argv "/usr/local/bin/node" "/usr/local/bin/npm" "i" "hexo-generator-json-content" "--save"
46 error node v4.4.7
47 error npm  v2.15.8
48 error code ETIMEDOUT
49 error errno ETIMEDOUT
50 error syscall connect
51 error network connect ETIMEDOUT 151.101.72.162:443
51 error network This is most likely not a problem with npm itself
51 error network and is related to network connectivity.
51 error network In most cases you are behind a proxy or have bad network settings.
51 error network
51 error network If you are behind a proxy, please make sure that the
51 error network 'proxy' config is set properly.  See: 'npm help config'
52 verbose exit [ 1, true ]
